Using pre-set license
Built from '2020.3/staging' branch; Version is '2020.3.6f1 (338bb68529b2) revision 3378102'; Using compiler version '192528614'; Build Type 'Release'
OS: 'Windows 10 Home; OS build 19042.985; Version 2009; 64bit' Language: 'he' Physical Memory: 16196 MB
BatchMode: 1, IsHumanControllingUs: 0, StartBugReporterOnCrash: 0, Is64bit: 1, IsPro: 0

 COMMAND LINE ARGUMENTS:
C:\Program Files\Unity\Hub\Editor\2020.3.6f1\Editor\Unity.exe
-adb2
-batchMode
-noUpm
-name
AssetImportWorker0
-projectPath
D:/Git Projects/Co-Pirate
-logFile
Logs/AssetImportWorker0.log
-srvPort
65442
Successfully changed project path to: D:/Git Projects/Co-Pirate
D:/Git Projects/Co-Pirate
Using Asset Import Pipeline V2.
Refreshing native plugins compatible for Editor in 73.40 ms, found 0 plugins.
Preloading 0 native plugins for Editor in 0.00 ms.
Initialize engine version: 2020.3.6f1 (338bb68529b2)
[Subsystems] Discovering subsystems at path C:/Program Files/Unity/Hub/Editor/2020.3.6f1/Editor/Data/Resources/UnitySubsystems
[Subsystems] Discovering subsystems at path D:/Git Projects/Co-Pirate/Assets
GfxDevice: creating device client; threaded=0
Direct3D:
    Version:  Direct3D 11.0 [level 11.1]
    Renderer: NVIDIA GeForce RTX 2070 with Max-Q Design (ID=0x1f10)
    Vendor:   
    VRAM:     8031 MB
    Driver:   27.21.14.5771
Shader 'Universal Render Pipeline/Particles/Lit': fallback shader 'Universal Render Pipeline/Particles/SimpleLit' not found
Initialize mono
Mono path[0] = 'C:/Program Files/Unity/Hub/Editor/2020.3.6f1/Editor/Data/Managed'
Mono path[1] = 'C:/Program Files/Unity/Hub/Editor/2020.3.6f1/Editor/Data/MonoBleedingEdge/lib/mono/unityjit'
Mono config path = 'C:/Program Files/Unity/Hub/Editor/2020.3.6f1/Editor/Data/MonoBleedingEdge/etc'
Using monoOptions --debugger-agent=transport=dt_socket,embedding=1,server=y,suspend=n,address=127.0.0.1:56340
Begin MonoManager ReloadAssembly
Registering precompiled unity dll's ...
Register platform support module: C:/Program Files/Unity/Hub/Editor/2020.3.6f1/Editor/Data/PlaybackEngines/MacStandaloneSupport/UnityEditor.OSXStandalone.Extensions.dll
Register platform support module: C:/Program Files/Unity/Hub/Editor/2020.3.6f1/Editor/Data/PlaybackEngines/WindowsStandaloneSupport/UnityEditor.WindowsStandalone.Extensions.dll
Register platform support module: C:/Program Files/Unity/Hub/Editor/2020.3.6f1/Editor/Data/PlaybackEngines/LinuxStandaloneSupport/UnityEditor.LinuxStandalone.Extensions.dll
Register platform support module: C:/Program Files/Unity/Hub/Editor/2020.3.6f1/Editor/Data/PlaybackEngines/LuminSupport/UnityEditor.Lumin.Extensions.dll
Registered in 0.004295 seconds.
Native extension for Lumin target not found
Native extension for LinuxStandalone target not found
Native extension for WindowsStandalone target not found
Native extension for OSXStandalone target not found
Refreshing native plugins compatible for Editor in 64.57 ms, found 0 plugins.
Preloading 0 native plugins for Editor in 0.00 ms.
Mono: successfully reloaded assembly
- Completed reload, in  2.507 seconds
Platform modules already initialized, skipping
Registering precompiled user dll's ...
Registered in 0.011832 seconds.
Begin MonoManager ReloadAssembly
Native extension for Lumin target not found
Native extension for LinuxStandalone target not found
Native extension for WindowsStandalone target not found
Native extension for OSXStandalone target not found
Refreshing native plugins compatible for Editor in 70.99 ms, found 0 plugins.
Preloading 0 native plugins for Editor in 0.00 ms.
Mono: successfully reloaded assembly
- Completed reload, in  1.645 seconds
Platform modules already initialized, skipping
========================================================================
Worker process is ready to serve import requests
Shader 'Universal Render Pipeline/Particles/Lit': fallback shader 'Universal Render Pipeline/Particles/SimpleLit' not found
Launched and connected shader compiler UnityShaderCompiler.exe after 0.05 seconds
Refreshing native plugins compatible for Editor in 0.71 ms, found 0 plugins.
Preloading 0 native plugins for Editor in 0.00 ms.
Unloading 3125 Unused Serialized files (Serialized files now loaded: 0)
System memory in use before: 182.4 MB.
System memory in use after: 182.4 MB.

Unloading 36 unused Assets to reduce memory usage. Loaded Objects now: 3631.
Total: 19.984000 ms (FindLiveObjects: 0.416100 ms CreateObjectMapping: 0.193000 ms MarkObjects: 19.100800 ms  DeleteObjects: 0.272600 ms)

========================================================================
Received Import Request.
  path: Assets/Pirate/Hat
  artifactKey: Guid(8df440e5faeb1c048b7424f2209d813c) Importer(815301076,1909f56bfc062723c751e8b465ee728b)
Start importing Assets/Pirate/Hat using Guid(8df440e5faeb1c048b7424f2209d813c) Importer(815301076,1909f56bfc062723c751e8b465ee728b)  -> (artifact id: 'abceaabdb249a7c1ce55620bda855122') in 0.008325 seconds
  Import took 0.043042 seconds .

========================================================================
Received Import Request.
  Time since last request: 0.000194 seconds.
  path: Assets/Pirate/Hat/F28RQRB16T1X720CT118OMVIJ.jpg
  artifactKey: Guid(c657c41ab6971df40893cf8a033db70a) Importer(815301076,1909f56bfc062723c751e8b465ee728b)
Start importing Assets/Pirate/Hat/F28RQRB16T1X720CT118OMVIJ.jpg using Guid(c657c41ab6971df40893cf8a033db70a) Importer(815301076,1909f56bfc062723c751e8b465ee728b)  -> (artifact id: 'fd778949af4b5f4680894a79e7466b23') in 0.097764 seconds
  Import took 0.112599 seconds .

========================================================================
Received Import Request.
  Time since last request: 0.000189 seconds.
  path: Assets/Pirate/Hat/F28RQRB16T1X720CT118OMVIJ.fbx
  artifactKey: Guid(e6397bd8a05f7404cbdc902cf36bc29a) Importer(815301076,1909f56bfc062723c751e8b465ee728b)
Start importing Assets/Pirate/Hat/F28RQRB16T1X720CT118OMVIJ.fbx using Guid(e6397bd8a05f7404cbdc902cf36bc29a) Importer(815301076,1909f56bfc062723c751e8b465ee728b)  -> (artifact id: 'c6a69554fc7dde6d2c353d7ebf9326e4') in 0.243243 seconds
  Import took 0.260840 seconds .

========================================================================
Received Import Request.
  Time since last request: 0.000200 seconds.
  path: Assets/Pirate/Hat/default-grey.jpg
  artifactKey: Guid(7c550a41ac113194ca833959d5e653eb) Importer(815301076,1909f56bfc062723c751e8b465ee728b)
Start importing Assets/Pirate/Hat/default-grey.jpg using Guid(7c550a41ac113194ca833959d5e653eb) Importer(815301076,1909f56bfc062723c751e8b465ee728b)  -> (artifact id: '760d2640217427cea417f083a2dfb034') in 0.008886 seconds
  Import took 0.013538 seconds .

========================================================================
Received Import Request.
  Time since last request: 0.000252 seconds.
  path: Assets/Pirate/Hat/hat_pirate_color.jpg
  artifactKey: Guid(af8297d82613a3647be74222134de96d) Importer(815301076,1909f56bfc062723c751e8b465ee728b)
Start importing Assets/Pirate/Hat/hat_pirate_color.jpg using Guid(af8297d82613a3647be74222134de96d) Importer(815301076,1909f56bfc062723c751e8b465ee728b)  -> (artifact id: 'd1dc86805b288193c7fbf528494b6d51') in 0.009327 seconds
  Import took 0.032042 seconds .

========================================================================
Received Import Request.
  Time since last request: 27.213802 seconds.
  path: Assets/Pirate/Hat/Hat.mat
  artifactKey: Guid(8feecede697c0e54a819937945c4c70f) Importer(815301076,1909f56bfc062723c751e8b465ee728b)
Start importing Assets/Pirate/Hat/Hat.mat using Guid(8feecede697c0e54a819937945c4c70f) Importer(815301076,1909f56bfc062723c751e8b465ee728b)  -> (artifact id: '1b9cff8c76144b9977fb9e67fd372ede') in 0.015605 seconds
  Import took 0.021522 seconds .

========================================================================
Received Import Request.
  Time since last request: 27.520869 seconds.
  path: Assets/Resources/DOTweenSettings.asset
  artifactKey: Guid(768144ddbf7df874cb68e0c936287bc1) Importer(815301076,1909f56bfc062723c751e8b465ee728b)
Start importing Assets/Resources/DOTweenSettings.asset using Guid(768144ddbf7df874cb68e0c936287bc1) Importer(815301076,1909f56bfc062723c751e8b465ee728b)  -> (artifact id: '44c2a88ff1882100083c2c34826d8228') in 0.009481 seconds
  Import took 0.024891 seconds .

========================================================================
Received Import Request.
  Time since last request: 0.000213 seconds.
  path: Assets/Resources/Player.prefab
  artifactKey: Guid(111c941957003cd4f87e186e903d9c48) Importer(815301076,1909f56bfc062723c751e8b465ee728b)
Start importing Assets/Resources/Player.prefab using Guid(111c941957003cd4f87e186e903d9c48) Importer(815301076,1909f56bfc062723c751e8b465ee728b)  -> (artifact id: '51d6f45d4e56b9d3440a611d107a33e0') in 0.029257 seconds
  Import took 0.050947 seconds .

========================================================================
Received Import Request.
  Time since last request: 0.000192 seconds.
  path: Assets/Resources/GameManager.prefab
  artifactKey: Guid(98de62f7fd4f8e34ca0b788867a6ba8c) Importer(815301076,1909f56bfc062723c751e8b465ee728b)
Start importing Assets/Resources/GameManager.prefab using Guid(98de62f7fd4f8e34ca0b788867a6ba8c) Importer(815301076,1909f56bfc062723c751e8b465ee728b)  -> (artifact id: '6e20dc3169d6b96fcef3ff81ea0a92ae') in 0.008376 seconds
  Import took 0.024795 seconds .

========================================================================
Received Import Request.
  Time since last request: 31.220541 seconds.
  path: Assets/Pirate/Hat/F28RQRB16T1X720CT118OMVIJ.fbx
  artifactKey: Guid(e6397bd8a05f7404cbdc902cf36bc29a) Importer(815301076,1909f56bfc062723c751e8b465ee728b)
Start importing Assets/Pirate/Hat/F28RQRB16T1X720CT118OMVIJ.fbx using Guid(e6397bd8a05f7404cbdc902cf36bc29a) Importer(815301076,1909f56bfc062723c751e8b465ee728b)  -> (artifact id: '0311b4f9fcd946c8c6aee43b63dc8253') in 0.017282 seconds
  Import took 0.023429 seconds .

========================================================================
Received Import Request.
  Time since last request: 492.785884 seconds.
  path: Assets/BruteForce-GrassShader/Materials/URP/GreenOpaqueURP 1.mat
  artifactKey: Guid(1621e14766980124193d8a04cf5dddb9) Importer(815301076,1909f56bfc062723c751e8b465ee728b)
Start importing Assets/BruteForce-GrassShader/Materials/URP/GreenOpaqueURP 1.mat using Guid(1621e14766980124193d8a04cf5dddb9) Importer(815301076,1909f56bfc062723c751e8b465ee728b)  -> (artifact id: '1fc8c904ed12dc3b611de69cc0b5dae9') in 0.014800 seconds
  Import took 0.043158 seconds .

========================================================================
Received Import Request.
  Time since last request: 0.000203 seconds.
  path: Assets/BruteForce-GrassShader/Materials/URP/GreenOpaqueURP 2.mat
  artifactKey: Guid(587ae4b218d2ad5489f67adc9079c234) Importer(815301076,1909f56bfc062723c751e8b465ee728b)
Start importing Assets/BruteForce-GrassShader/Materials/URP/GreenOpaqueURP 2.mat using Guid(587ae4b218d2ad5489f67adc9079c234) Importer(815301076,1909f56bfc062723c751e8b465ee728b)  -> (artifact id: '202aa96b10ae138d64ee0dbd84627387') in 0.014107 seconds
  Import took 0.046854 seconds .

========================================================================
Received Import Request.
  Time since last request: 0.000247 seconds.
  path: Assets/BruteForce-GrassShader/Materials/URP/GreenOpaqueURP 1.mat
  artifactKey: Guid(1621e14766980124193d8a04cf5dddb9) Importer(815301076,1909f56bfc062723c751e8b465ee728b)
Start importing Assets/BruteForce-GrassShader/Materials/URP/GreenOpaqueURP 1.mat using Guid(1621e14766980124193d8a04cf5dddb9) Importer(815301076,1909f56bfc062723c751e8b465ee728b)  -> (artifact id: '1fc8c904ed12dc3b611de69cc0b5dae9') in 0.009072 seconds
  Import took 0.014027 seconds .

========================================================================
Received Import Request.
  Time since last request: 0.042335 seconds.
  path: Assets/BruteForce-GrassShader/Materials/URP/GreenOpaqueURP 2.mat
  artifactKey: Guid(587ae4b218d2ad5489f67adc9079c234) Importer(815301076,1909f56bfc062723c751e8b465ee728b)
Start importing Assets/BruteForce-GrassShader/Materials/URP/GreenOpaqueURP 2.mat using Guid(587ae4b218d2ad5489f67adc9079c234) Importer(815301076,1909f56bfc062723c751e8b465ee728b)  -> (artifact id: '202aa96b10ae138d64ee0dbd84627387') in 0.008371 seconds
  Import took 0.014344 seconds .

========================================================================
Received Import Request.
  Time since last request: 0.077575 seconds.
  path: Packages/com.unity.searcher/Editor/Resources/FlatSkin/Font/Roboto-LightItalic.ttf
  artifactKey: Guid(5e63515167650a541b309ba3bfd4db3d) Importer(815301076,1909f56bfc062723c751e8b465ee728b)
Start importing Packages/com.unity.searcher/Editor/Resources/FlatSkin/Font/Roboto-LightItalic.ttf using Guid(5e63515167650a541b309ba3bfd4db3d) Importer(815301076,1909f56bfc062723c751e8b465ee728b)  -> (artifact id: '81a870079916806653db194d367e5936') in 0.076192 seconds
  Import took 0.090915 seconds .

========================================================================
Received Import Request.
  Time since last request: 0.000172 seconds.
  path: Packages/com.unity.searcher/Editor/Resources/FlatSkin/Font/Roboto-Thin.ttf
  artifactKey: Guid(19a9abb883540be48b75b951a927ae03) Importer(815301076,1909f56bfc062723c751e8b465ee728b)
Start importing Packages/com.unity.searcher/Editor/Resources/FlatSkin/Font/Roboto-Thin.ttf using Guid(19a9abb883540be48b75b951a927ae03) Importer(815301076,1909f56bfc062723c751e8b465ee728b)  -> (artifact id: '0e86898c8651f943ea17c27453596f0b') in 0.023119 seconds
  Import took 0.042835 seconds .

========================================================================
Received Import Request.
  Time since last request: 0.000223 seconds.
  path: Packages/com.unity.searcher/Editor/Resources/FlatSkin/Font/Roboto-MediumItalic.ttf
  artifactKey: Guid(d93c1bc57fdf1ac4dad1bf04fac05464) Importer(815301076,1909f56bfc062723c751e8b465ee728b)
Start importing Packages/com.unity.searcher/Editor/Resources/FlatSkin/Font/Roboto-MediumItalic.ttf using Guid(d93c1bc57fdf1ac4dad1bf04fac05464) Importer(815301076,1909f56bfc062723c751e8b465ee728b)  -> (artifact id: '6ccb78902477a207c9c3c621fcab7d14') in 0.028830 seconds
  Import took 0.054429 seconds .

========================================================================
Received Import Request.
  Time since last request: 0.000241 seconds.
  path: Packages/com.unity.searcher/Editor/Resources/FlatSkin/Font/Roboto-Regular.ttf
  artifactKey: Guid(30dc370b164eefc43b95744fc796dad0) Importer(815301076,1909f56bfc062723c751e8b465ee728b)
Start importing Packages/com.unity.searcher/Editor/Resources/FlatSkin/Font/Roboto-Regular.ttf using Guid(30dc370b164eefc43b95744fc796dad0) Importer(815301076,1909f56bfc062723c751e8b465ee728b)  -> (artifact id: 'f515662c66c6d45496a8b606cd2d7f91') in 0.026731 seconds
  Import took 0.044121 seconds .

========================================================================
Received Import Request.
  Time since last request: 0.000181 seconds.
  path: Packages/com.unity.searcher/Editor/Resources/FlatSkin/Font/Roboto-Medium.ttf
  artifactKey: Guid(a51a3aebb43ac044989270407476b208) Importer(815301076,1909f56bfc062723c751e8b465ee728b)
Start importing Packages/com.unity.searcher/Editor/Resources/FlatSkin/Font/Roboto-Medium.ttf using Guid(a51a3aebb43ac044989270407476b208) Importer(815301076,1909f56bfc062723c751e8b465ee728b)  -> (artifact id: 'fa51c03d2f47cb41a420b89027f16eee') in 0.033470 seconds
  Import took 0.047007 seconds .

========================================================================
Received Import Request.
  Time since last request: 2.091973 seconds.
  path: Packages/com.unity.searcher/Editor/Resources/FlatSkin/Font/Roboto-BlackItalic.ttf
  artifactKey: Guid(f95147a9bab9fe649b8070170fa7ebd2) Importer(815301076,1909f56bfc062723c751e8b465ee728b)
Start importing Packages/com.unity.searcher/Editor/Resources/FlatSkin/Font/Roboto-BlackItalic.ttf using Guid(f95147a9bab9fe649b8070170fa7ebd2) Importer(815301076,1909f56bfc062723c751e8b465ee728b)  -> (artifact id: 'd0752ca6e3a4a7d4c55131d3cd486a75') in 0.028398 seconds
  Import took 0.045153 seconds .

========================================================================
Received Import Request.
  Time since last request: 0.000196 seconds.
  path: Packages/com.unity.searcher/Editor/Resources/FlatSkin/Font/Roboto-Bold.ttf
  artifactKey: Guid(3750c318f40cab44a97d3a81beaefeb3) Importer(815301076,1909f56bfc062723c751e8b465ee728b)
Start importing Packages/com.unity.searcher/Editor/Resources/FlatSkin/Font/Roboto-Bold.ttf using Guid(3750c318f40cab44a97d3a81beaefeb3) Importer(815301076,1909f56bfc062723c751e8b465ee728b)  -> (artifact id: '59bd737f3d9bde16c53a0009e6073e1a') in 0.028881 seconds
  Import took 0.033289 seconds .

========================================================================
Received Import Request.
  Time since last request: 0.000192 seconds.
  path: Packages/com.unity.searcher/Editor/Resources/FlatSkin/Font/Roboto-Italic.ttf
  artifactKey: Guid(c839255fc8f6b4b4d90bf8c1af9f9bd1) Importer(815301076,1909f56bfc062723c751e8b465ee728b)
Start importing Packages/com.unity.searcher/Editor/Resources/FlatSkin/Font/Roboto-Italic.ttf using Guid(c839255fc8f6b4b4d90bf8c1af9f9bd1) Importer(815301076,1909f56bfc062723c751e8b465ee728b)  -> (artifact id: '29e3688b6a6d534cf9f342cf0bd24f9d') in 0.015878 seconds
  Import took 0.038038 seconds .

========================================================================
Received Import Request.
  Time since last request: 0.000208 seconds.
  path: Packages/com.unity.searcher/Editor/Resources/FlatSkin/Font/Roboto-Black.ttf
  artifactKey: Guid(1062c701058745940ae5dca6219c64c8) Importer(815301076,1909f56bfc062723c751e8b465ee728b)
Start importing Packages/com.unity.searcher/Editor/Resources/FlatSkin/Font/Roboto-Black.ttf using Guid(1062c701058745940ae5dca6219c64c8) Importer(815301076,1909f56bfc062723c751e8b465ee728b)  -> (artifact id: '550262f1d2eff8a8e44263af62d3a87f') in 0.024615 seconds
  Import took 0.041126 seconds .

========================================================================
Received Import Request.
  Time since last request: 0.000228 seconds.
  path: Packages/com.unity.render-pipelines.core/Runtime/Debugging/Prefabs/Fonts/Perfect DOS VGA 437.ttf
  artifactKey: Guid(74a5091d8707f334b9a5c31ef71a64ba) Importer(815301076,1909f56bfc062723c751e8b465ee728b)
Start importing Packages/com.unity.render-pipelines.core/Runtime/Debugging/Prefabs/Fonts/Perfect DOS VGA 437.ttf using Guid(74a5091d8707f334b9a5c31ef71a64ba) Importer(815301076,1909f56bfc062723c751e8b465ee728b)  -> (artifact id: 'd07a939de2c969bb78042075301cd8a6') in 0.015886 seconds
  Import took 0.020487 seconds .

========================================================================
Received Import Request.
  Time since last request: 0.000189 seconds.
  path: Packages/com.unity.searcher/Editor/Resources/FlatSkin/Font/Roboto-BoldItalic.ttf
  artifactKey: Guid(dfb97a9307a577a41bcacba34b9a7e32) Importer(815301076,1909f56bfc062723c751e8b465ee728b)
Start importing Packages/com.unity.searcher/Editor/Resources/FlatSkin/Font/Roboto-BoldItalic.ttf using Guid(dfb97a9307a577a41bcacba34b9a7e32) Importer(815301076,1909f56bfc062723c751e8b465ee728b)  -> (artifact id: 'c0b3b7656be4b2d1aeab21716fde3278') in 0.016331 seconds
  Import took 0.021401 seconds .

========================================================================
Received Import Request.
  Time since last request: 0.000209 seconds.
  path: Packages/com.unity.searcher/Editor/Resources/FlatSkin/Font/Roboto-Light.ttf
  artifactKey: Guid(2a29e27936eb547458f646f71125b264) Importer(815301076,1909f56bfc062723c751e8b465ee728b)
Start importing Packages/com.unity.searcher/Editor/Resources/FlatSkin/Font/Roboto-Light.ttf using Guid(2a29e27936eb547458f646f71125b264) Importer(815301076,1909f56bfc062723c751e8b465ee728b)  -> (artifact id: 'bb3b3979037fc7ffd85786e9f7215165') in 0.019796 seconds
  Import took 0.034928 seconds .

========================================================================
Received Import Request.
  Time since last request: 0.000346 seconds.
  path: Packages/com.unity.render-pipelines.core/Runtime/Debugging/Prefabs/Fonts/Perfect DOS VGA 437.ttf
  artifactKey: Guid(74a5091d8707f334b9a5c31ef71a64ba) Importer(815301076,1909f56bfc062723c751e8b465ee728b)
Start importing Packages/com.unity.render-pipelines.core/Runtime/Debugging/Prefabs/Fonts/Perfect DOS VGA 437.ttf using Guid(74a5091d8707f334b9a5c31ef71a64ba) Importer(815301076,1909f56bfc062723c751e8b465ee728b)  -> (artifact id: 'd07a939de2c969bb78042075301cd8a6') in 0.012008 seconds
  Import took 0.017352 seconds .

========================================================================
Received Import Request.
  Time since last request: 0.182740 seconds.
  path: Packages/com.unity.searcher/Editor/Resources/FlatSkin/Font/Roboto-ThinItalic.ttf
  artifactKey: Guid(b2ea3b3f1765e544b9eb5bd1a93a91ce) Importer(815301076,1909f56bfc062723c751e8b465ee728b)
Start importing Packages/com.unity.searcher/Editor/Resources/FlatSkin/Font/Roboto-ThinItalic.ttf using Guid(b2ea3b3f1765e544b9eb5bd1a93a91ce) Importer(815301076,1909f56bfc062723c751e8b465ee728b)  -> (artifact id: 'd8b589153dd37326a9986aa12092a8df') in 0.220713 seconds
  Import took 0.234550 seconds .

========================================================================
Received Import Request.
  Time since last request: 57.252456 seconds.
  path: Assets/Pirate/Hat/Hat.mat
  artifactKey: Guid(8feecede697c0e54a819937945c4c70f) Importer(815301076,1909f56bfc062723c751e8b465ee728b)
Start importing Assets/Pirate/Hat/Hat.mat using Guid(8feecede697c0e54a819937945c4c70f) Importer(815301076,1909f56bfc062723c751e8b465ee728b)  -> (artifact id: '522caf95c15d8388ebf7362bdc3e301a') in 0.017967 seconds
  Import took 0.025099 seconds .

========================================================================
Received Import Request.
  Time since last request: 76.793446 seconds.
  path: Assets/Pirate/Hat/ball.mat
  artifactKey: Guid(c9ca1865ddeb28546bd8aa87cc942cf8) Importer(815301076,1909f56bfc062723c751e8b465ee728b)
Start importing Assets/Pirate/Hat/ball.mat using Guid(c9ca1865ddeb28546bd8aa87cc942cf8) Importer(815301076,1909f56bfc062723c751e8b465ee728b)  -> (artifact id: '521605bf9a31afba8c96c094282baf58') in 0.014713 seconds
  Import took 0.020218 seconds .

========================================================================
Received Import Request.
  Time since last request: 606.661410 seconds.
  path: Assets/Pirate/Hat/hat_pirate_color 1.jpg
  artifactKey: Guid(846e8b2d87f63c64aa748c926ef541a0) Importer(815301076,1909f56bfc062723c751e8b465ee728b)
Start importing Assets/Pirate/Hat/hat_pirate_color 1.jpg using Guid(846e8b2d87f63c64aa748c926ef541a0) Importer(815301076,1909f56bfc062723c751e8b465ee728b)  -> (artifact id: 'c8b7066d2b914ac440192b10d70cf2cb') in 0.011476 seconds
  Import took 0.030933 seconds .

========================================================================
Received Import Request.
  Time since last request: 189.159193 seconds.
  path: Assets/Pirate/Hat/hat_pirate_color 1.jpg
  artifactKey: Guid(846e8b2d87f63c64aa748c926ef541a0) Importer(815301076,1909f56bfc062723c751e8b465ee728b)
Start importing Assets/Pirate/Hat/hat_pirate_color 1.jpg using Guid(846e8b2d87f63c64aa748c926ef541a0) Importer(815301076,1909f56bfc062723c751e8b465ee728b)  -> (artifact id: '3c55d163da107bc952321d95ebf10b15') in 0.012518 seconds
  Import took 0.025327 seconds .

========================================================================
Received Import Request.
  Time since last request: 171.947775 seconds.
  path: Assets/Pirate/Hat/Hat.mat
  artifactKey: Guid(8feecede697c0e54a819937945c4c70f) Importer(815301076,1909f56bfc062723c751e8b465ee728b)
Start importing Assets/Pirate/Hat/Hat.mat using Guid(8feecede697c0e54a819937945c4c70f) Importer(815301076,1909f56bfc062723c751e8b465ee728b)  -> (artifact id: 'c47932d47261bd3abd757cdf80bbf2c0') in 0.013170 seconds
  Import took 0.074091 seconds .

========================================================================
Received Import Request.
  Time since last request: 105.541168 seconds.
  path: Assets/Pirate/Hat/Hat 1.mat
  artifactKey: Guid(b96299a318a2adb4c8a2a6f10af04887) Importer(815301076,1909f56bfc062723c751e8b465ee728b)
Start importing Assets/Pirate/Hat/Hat 1.mat using Guid(b96299a318a2adb4c8a2a6f10af04887) Importer(815301076,1909f56bfc062723c751e8b465ee728b)  -> (artifact id: '5e12dce24741172e2d32122947f9bd7e') in 0.012619 seconds
  Import took 0.030339 seconds .

========================================================================
Received Import Request.
  Time since last request: 39.876110 seconds.
  path: Assets/BruteForce-GrassShader/Terrain/TerrainData_a668841b-e118-455b-bf19-dcdfe4345192.asset
  artifactKey: Guid(46e59073660f0b34b8ee4d97455524fc) Importer(815301076,1909f56bfc062723c751e8b465ee728b)
Start importing Assets/BruteForce-GrassShader/Terrain/TerrainData_a668841b-e118-455b-bf19-dcdfe4345192.asset using Guid(46e59073660f0b34b8ee4d97455524fc) Importer(815301076,1909f56bfc062723c751e8b465ee728b)  -> (artifact id: 'f42f271e1782979e6493bc6093640537') in 0.126028 seconds
  Import took 0.138830 seconds .

========================================================================
Received Import Request.
  Time since last request: 0.000204 seconds.
  path: Assets/BruteForce-GrassShader/Terrain/TerrainData_304f2ad2-d06e-4b66-a797-29f79665bab7.asset
  artifactKey: Guid(c877750b0acadad4790bf8c66bb9474d) Importer(815301076,1909f56bfc062723c751e8b465ee728b)
Start importing Assets/BruteForce-GrassShader/Terrain/TerrainData_304f2ad2-d06e-4b66-a797-29f79665bab7.asset using Guid(c877750b0acadad4790bf8c66bb9474d) Importer(815301076,1909f56bfc062723c751e8b465ee728b)  -> (artifact id: '75b521314edb60ea7430c3d4884f81d1') in 0.090640 seconds
  Import took 0.095404 seconds .

========================================================================
Received Import Request.
  Time since last request: 0.000183 seconds.
  path: Assets/BruteForce-GrassShader/Terrain/TerrainData_a668841b-e118-455b-bf19-dcdfe4345192.asset
  artifactKey: Guid(46e59073660f0b34b8ee4d97455524fc) Importer(815301076,1909f56bfc062723c751e8b465ee728b)
Start importing Assets/BruteForce-GrassShader/Terrain/TerrainData_a668841b-e118-455b-bf19-dcdfe4345192.asset using Guid(46e59073660f0b34b8ee4d97455524fc) Importer(815301076,1909f56bfc062723c751e8b465ee728b)  -> (artifact id: 'f42f271e1782979e6493bc6093640537') in 0.012028 seconds
  Import took 0.016786 seconds .

========================================================================
Received Import Request.
  Time since last request: 0.003904 seconds.
  path: Assets/BruteForce-GrassShader/Terrain/TerrainData_304f2ad2-d06e-4b66-a797-29f79665bab7.asset
  artifactKey: Guid(c877750b0acadad4790bf8c66bb9474d) Importer(815301076,1909f56bfc062723c751e8b465ee728b)
Start importing Assets/BruteForce-GrassShader/Terrain/TerrainData_304f2ad2-d06e-4b66-a797-29f79665bab7.asset using Guid(c877750b0acadad4790bf8c66bb9474d) Importer(815301076,1909f56bfc062723c751e8b465ee728b)  -> (artifact id: '75b521314edb60ea7430c3d4884f81d1') in 0.011052 seconds
  Import took 0.016846 seconds .

========================================================================
Received Import Request.
  Time since last request: 269.137735 seconds.
  path: Assets/Pirate/Hat/Player.mat
  artifactKey: Guid(be60fc1c3a73a494e8d5c0eed521ad8b) Importer(815301076,1909f56bfc062723c751e8b465ee728b)
Start importing Assets/Pirate/Hat/Player.mat using Guid(be60fc1c3a73a494e8d5c0eed521ad8b) Importer(815301076,1909f56bfc062723c751e8b465ee728b)  -> (artifact id: '2cdbbfb882e8825c80ffb0f0543e5af5') in 0.013077 seconds
  Import took 0.018116 seconds .

AssetImportWorkerClient::OnTransportError - code=2 error=End of file
