Using pre-set license
Built from '2020.3/staging' branch; Version is '2020.3.6f1 (338bb68529b2) revision 3378102'; Using compiler version '192528614'; Build Type 'Release'
OS: 'Windows 10 Pro; OS build 19042.928; Version 2009; 64bit' Language: 'en' Physical Memory: 24510 MB
BatchMode: 1, IsHumanControllingUs: 0, StartBugReporterOnCrash: 0, Is64bit: 1, IsPro: 0

 COMMAND LINE ARGUMENTS:
C:\Program Files\Unity\Hub\Editor\2020.3.6f1\Editor\Unity.exe
-adb2
-batchMode
-noUpm
-name
AssetImportWorker0
-projectPath
S:/GitProjects/Co-Pirate
-logFile
Logs/AssetImportWorker0.log
-srvPort
58757
Successfully changed project path to: S:/GitProjects/Co-Pirate
S:/GitProjects/Co-Pirate
Using Asset Import Pipeline V2.
Refreshing native plugins compatible for Editor in 48.92 ms, found 0 plugins.
Preloading 0 native plugins for Editor in 0.00 ms.
Initialize engine version: 2020.3.6f1 (338bb68529b2)
[Subsystems] Discovering subsystems at path C:/Program Files/Unity/Hub/Editor/2020.3.6f1/Editor/Data/Resources/UnitySubsystems
[Subsystems] Discovering subsystems at path S:/GitProjects/Co-Pirate/Assets
GfxDevice: creating device client; threaded=0
Direct3D:
    Version:  Direct3D 11.0 [level 11.1]
    Renderer: NVIDIA GeForce RTX 3070 (ID=0x2484)
    Vendor:   
    VRAM:     8043 MB
    Driver:   27.21.14.6192
Shader 'Universal Render Pipeline/Particles/Lit': fallback shader 'Universal Render Pipeline/Particles/SimpleLit' not found
Initialize mono
Mono path[0] = 'C:/Program Files/Unity/Hub/Editor/2020.3.6f1/Editor/Data/Managed'
Mono path[1] = 'C:/Program Files/Unity/Hub/Editor/2020.3.6f1/Editor/Data/MonoBleedingEdge/lib/mono/unityjit'
Mono config path = 'C:/Program Files/Unity/Hub/Editor/2020.3.6f1/Editor/Data/MonoBleedingEdge/etc'
Using monoOptions --debugger-agent=transport=dt_socket,embedding=1,server=y,suspend=n,address=127.0.0.1:56108
Begin MonoManager ReloadAssembly
Registering precompiled unity dll's ...
Register platform support module: C:/Program Files/Unity/Hub/Editor/2020.3.6f1/Editor/Data/PlaybackEngines/WebGLSupport/UnityEditor.WebGL.Extensions.dll
Register platform support module: C:/Program Files/Unity/Hub/Editor/2020.3.6f1/Editor/Data/PlaybackEngines/MacStandaloneSupport/UnityEditor.OSXStandalone.Extensions.dll
Register platform support module: C:/Program Files/Unity/Hub/Editor/2020.3.6f1/Editor/Data/PlaybackEngines/WindowsStandaloneSupport/UnityEditor.WindowsStandalone.Extensions.dll
Register platform support module: C:/Program Files/Unity/Hub/Editor/2020.3.6f1/Editor/Data/PlaybackEngines/LinuxStandaloneSupport/UnityEditor.LinuxStandalone.Extensions.dll
Registered in 0.002709 seconds.
Native extension for LinuxStandalone target not found
Native extension for WindowsStandalone target not found
Native extension for OSXStandalone target not found
Native extension for WebGL target not found
Refreshing native plugins compatible for Editor in 46.04 ms, found 0 plugins.
Preloading 0 native plugins for Editor in 0.00 ms.
Mono: successfully reloaded assembly
- Completed reload, in  2.014 seconds
Platform modules already initialized, skipping
Registering precompiled user dll's ...
Registered in 0.006375 seconds.
Begin MonoManager ReloadAssembly
Native extension for LinuxStandalone target not found
Native extension for WindowsStandalone target not found
Native extension for OSXStandalone target not found
Native extension for WebGL target not found
Refreshing native plugins compatible for Editor in 49.93 ms, found 0 plugins.
Preloading 0 native plugins for Editor in 0.00 ms.
Mono: successfully reloaded assembly
- Completed reload, in  1.297 seconds
Platform modules already initialized, skipping
========================================================================
Worker process is ready to serve import requests
Shader 'Universal Render Pipeline/Particles/Lit': fallback shader 'Universal Render Pipeline/Particles/SimpleLit' not found
Launched and connected shader compiler UnityShaderCompiler.exe after 0.03 seconds
Refreshing native plugins compatible for Editor in 0.50 ms, found 0 plugins.
Preloading 0 native plugins for Editor in 0.00 ms.
Unloading 3019 Unused Serialized files (Serialized files now loaded: 0)
System memory in use before: 149.1 MB.
System memory in use after: 149.1 MB.

Unloading 32 unused Assets to reduce memory usage. Loaded Objects now: 3509.
Total: 55.695200 ms (FindLiveObjects: 0.735700 ms CreateObjectMapping: 0.522600 ms MarkObjects: 54.062300 ms  DeleteObjects: 0.371600 ms)

========================================================================
Received Import Request.
  path: Assets/Cube.prefab
  artifactKey: Guid(d1358e2dd5f758c418704ede95e60ece) Importer(815301076,1909f56bfc062723c751e8b465ee728b)
Start importing Assets/Cube.prefab using Guid(d1358e2dd5f758c418704ede95e60ece) Importer(815301076,1909f56bfc062723c751e8b465ee728b)  -> (artifact id: 'd48b01fe09dc3c1b6c9abaca052d8886') in 0.191505 seconds
  Import took 0.197979 seconds .

========================================================================
Received Import Request.
  Time since last request: 4.597358 seconds.
  path: Assets/PlayerTest.prefab
  artifactKey: Guid(d1358e2dd5f758c418704ede95e60ece) Importer(815301076,1909f56bfc062723c751e8b465ee728b)
Start importing Assets/PlayerTest.prefab using Guid(d1358e2dd5f758c418704ede95e60ece) Importer(815301076,1909f56bfc062723c751e8b465ee728b)  -> (artifact id: '45e08bbec99ce4fd3b07c0d55df788d2') in 0.015849 seconds
  Import took 0.020452 seconds .

========================================================================
Received Import Request.
  Time since last request: 59.301927 seconds.
  path: Assets/Scenes/LauncherScene.unity
  artifactKey: Guid(4556694f53989184fa0f7bd98723479f) Importer(815301076,1909f56bfc062723c751e8b465ee728b)
Start importing Assets/Scenes/LauncherScene.unity using Guid(4556694f53989184fa0f7bd98723479f) Importer(815301076,1909f56bfc062723c751e8b465ee728b)  -> (artifact id: '02e7e946ea816178986610b393588ea0') in 0.007217 seconds
  Import took 0.011083 seconds .

========================================================================
Received Import Request.
  Time since last request: 5.282514 seconds.
  path: Assets/Photon/PhotonUnityNetworking/Demos/PunBasics-Tutorial/Scenes/PunBasics-Launcher.unity
  artifactKey: Guid(bff77b01b50254edbb6edeeaba5ae8b3) Importer(815301076,1909f56bfc062723c751e8b465ee728b)
Start importing Assets/Photon/PhotonUnityNetworking/Demos/PunBasics-Tutorial/Scenes/PunBasics-Launcher.unity using Guid(bff77b01b50254edbb6edeeaba5ae8b3) Importer(815301076,1909f56bfc062723c751e8b465ee728b)  -> (artifact id: 'f380459559c9c4c66c75ac3b0eea7f74') in 0.003010 seconds
  Import took 0.007352 seconds .

========================================================================
Received Import Request.
  Time since last request: 38.205264 seconds.
  path: Assets/Photon/PhotonUnityNetworking/Demos/PunBasics-Tutorial/Scenes
  artifactKey: Guid(c2e133c321fc868409cc3a12da290c3a) Importer(815301076,1909f56bfc062723c751e8b465ee728b)
Start importing Assets/Photon/PhotonUnityNetworking/Demos/PunBasics-Tutorial/Scenes using Guid(c2e133c321fc868409cc3a12da290c3a) Importer(815301076,1909f56bfc062723c751e8b465ee728b)  -> (artifact id: '3c3028f46ed0cf8c6064d87147bb66bb') in 0.005736 seconds
  Import took 0.009857 seconds .

========================================================================
Received Import Request.
  Time since last request: 5.446381 seconds.
  path: Assets/Photon/PhotonUnityNetworking/Demos/PunBasics-Tutorial/Scenes/PunBasics-Launcher 1.unity
  artifactKey: Guid(f27652542c13b304cad329b8e65e0278) Importer(815301076,1909f56bfc062723c751e8b465ee728b)
Start importing Assets/Photon/PhotonUnityNetworking/Demos/PunBasics-Tutorial/Scenes/PunBasics-Launcher 1.unity using Guid(f27652542c13b304cad329b8e65e0278) Importer(815301076,1909f56bfc062723c751e8b465ee728b)  -> (artifact id: '7e124ac8dcaf4b3000bfa67e3d4bc39e') in 0.006414 seconds
  Import took 0.010328 seconds .

========================================================================
Received Import Request.
  Time since last request: 49.283653 seconds.
  path: Assets/Scenes/Launcher.unity
  artifactKey: Guid(f27652542c13b304cad329b8e65e0278) Importer(815301076,1909f56bfc062723c751e8b465ee728b)
Start importing Assets/Scenes/Launcher.unity using Guid(f27652542c13b304cad329b8e65e0278) Importer(815301076,1909f56bfc062723c751e8b465ee728b)  -> (artifact id: 'f39580830a5e650823265020e5931644') in 0.005876 seconds
  Import took 0.010124 seconds .

========================================================================
Received Prepare
Registering precompiled user dll's ...
Registered in 0.006887 seconds.
Begin MonoManager ReloadAssembly
Native extension for LinuxStandalone target not found
Native extension for WindowsStandalone target not found
Native extension for OSXStandalone target not found
Native extension for WebGL target not found
Refreshing native plugins compatible for Editor in 0.57 ms, found 0 plugins.
Preloading 0 native plugins for Editor in 0.00 ms.
Mono: successfully reloaded assembly
- Completed reload, in  1.238 seconds
Platform modules already initialized, skipping
Shader 'Universal Render Pipeline/Particles/Lit': fallback shader 'Universal Render Pipeline/Particles/SimpleLit' not found
Refreshing native plugins compatible for Editor in 0.51 ms, found 0 plugins.
Preloading 0 native plugins for Editor in 0.00 ms.
Unloading 2900 Unused Serialized files (Serialized files now loaded: 0)
System memory in use before: 163.0 MB.
System memory in use after: 163.0 MB.

Unloading 24 unused Assets to reduce memory usage. Loaded Objects now: 3559.
Total: 58.047000 ms (FindLiveObjects: 0.758300 ms CreateObjectMapping: 0.520200 ms MarkObjects: 56.582400 ms  DeleteObjects: 0.183400 ms)

========================================================================
Received Prepare
Registering precompiled user dll's ...
Registered in 0.007070 seconds.
Begin MonoManager ReloadAssembly
Native extension for LinuxStandalone target not found
Native extension for WindowsStandalone target not found
Native extension for OSXStandalone target not found
Native extension for WebGL target not found
Refreshing native plugins compatible for Editor in 0.55 ms, found 0 plugins.
Preloading 0 native plugins for Editor in 0.00 ms.
Mono: successfully reloaded assembly
- Completed reload, in  1.213 seconds
Platform modules already initialized, skipping
Shader 'Universal Render Pipeline/Particles/Lit': fallback shader 'Universal Render Pipeline/Particles/SimpleLit' not found
Refreshing native plugins compatible for Editor in 0.50 ms, found 0 plugins.
Preloading 0 native plugins for Editor in 0.00 ms.
Unloading 2900 Unused Serialized files (Serialized files now loaded: 0)
System memory in use before: 163.0 MB.
System memory in use after: 163.0 MB.

Unloading 24 unused Assets to reduce memory usage. Loaded Objects now: 3563.
Total: 18.897000 ms (FindLiveObjects: 0.242200 ms CreateObjectMapping: 0.118400 ms MarkObjects: 18.339500 ms  DeleteObjects: 0.196000 ms)

========================================================================
Received Import Request.
  Time since last request: 165.415950 seconds.
  path: Assets/Scripts/Launcher.cs
  artifactKey: Guid(6686566ec38929f4c9cd234866a25377) Importer(815301076,1909f56bfc062723c751e8b465ee728b)
Start importing Assets/Scripts/Launcher.cs using Guid(6686566ec38929f4c9cd234866a25377) Importer(815301076,1909f56bfc062723c751e8b465ee728b)  -> (artifact id: '24a22c2290ec1dd26d84107a97c270b2') in 0.009659 seconds
  Import took 0.014446 seconds .

========================================================================
Received Import Request.
  Time since last request: 0.020827 seconds.
  path: Assets/Scripts/Launcher.cs
  artifactKey: Guid(6686566ec38929f4c9cd234866a25377) Importer(815301076,1909f56bfc062723c751e8b465ee728b)
Start importing Assets/Scripts/Launcher.cs using Guid(6686566ec38929f4c9cd234866a25377) Importer(815301076,1909f56bfc062723c751e8b465ee728b)  -> (artifact id: '24a22c2290ec1dd26d84107a97c270b2') in 0.001723 seconds
  Import took 0.005790 seconds .

========================================================================
Received Import Request.
  Time since last request: 7.870217 seconds.
  path: Assets/Scenes/Launcher.unity
  artifactKey: Guid(f27652542c13b304cad329b8e65e0278) Importer(815301076,1909f56bfc062723c751e8b465ee728b)
Start importing Assets/Scenes/Launcher.unity using Guid(f27652542c13b304cad329b8e65e0278) Importer(815301076,1909f56bfc062723c751e8b465ee728b)  -> (artifact id: '32a60fe6c3d33cae0b070800a6e2e5a5') in 0.008313 seconds
  Import took 0.012847 seconds .

========================================================================
Received Prepare
Registering precompiled user dll's ...
Registered in 0.006387 seconds.
Begin MonoManager ReloadAssembly
Native extension for LinuxStandalone target not found
Native extension for WindowsStandalone target not found
Native extension for OSXStandalone target not found
Native extension for WebGL target not found
Refreshing native plugins compatible for Editor in 0.51 ms, found 0 plugins.
Preloading 0 native plugins for Editor in 0.00 ms.
Mono: successfully reloaded assembly
- Completed reload, in  1.194 seconds
Platform modules already initialized, skipping
Shader 'Universal Render Pipeline/Particles/Lit': fallback shader 'Universal Render Pipeline/Particles/SimpleLit' not found
Refreshing native plugins compatible for Editor in 0.52 ms, found 0 plugins.
Preloading 0 native plugins for Editor in 0.00 ms.
Unloading 2900 Unused Serialized files (Serialized files now loaded: 0)
System memory in use before: 163.1 MB.
System memory in use after: 163.1 MB.

Unloading 24 unused Assets to reduce memory usage. Loaded Objects now: 3567.
Total: 38.738200 ms (FindLiveObjects: 0.926000 ms CreateObjectMapping: 0.594100 ms MarkObjects: 36.957000 ms  DeleteObjects: 0.258400 ms)

========================================================================
Received Prepare
Registering precompiled user dll's ...
Registered in 0.006729 seconds.
Begin MonoManager ReloadAssembly
Native extension for LinuxStandalone target not found
Native extension for WindowsStandalone target not found
Native extension for OSXStandalone target not found
Native extension for WebGL target not found
Refreshing native plugins compatible for Editor in 0.52 ms, found 0 plugins.
Preloading 0 native plugins for Editor in 0.00 ms.
Mono: successfully reloaded assembly
- Completed reload, in  1.179 seconds
Platform modules already initialized, skipping
Shader 'Universal Render Pipeline/Particles/Lit': fallback shader 'Universal Render Pipeline/Particles/SimpleLit' not found
Refreshing native plugins compatible for Editor in 0.51 ms, found 0 plugins.
Preloading 0 native plugins for Editor in 0.00 ms.
Unloading 2900 Unused Serialized files (Serialized files now loaded: 0)
System memory in use before: 163.1 MB.
System memory in use after: 163.1 MB.

Unloading 24 unused Assets to reduce memory usage. Loaded Objects now: 3571.
Total: 17.807500 ms (FindLiveObjects: 0.274900 ms CreateObjectMapping: 0.147100 ms MarkObjects: 17.177200 ms  DeleteObjects: 0.207200 ms)

========================================================================
Received Import Request.
  Time since last request: 91.933821 seconds.
  path: Assets/Scripts/Launcher.cs
  artifactKey: Guid(6686566ec38929f4c9cd234866a25377) Importer(815301076,1909f56bfc062723c751e8b465ee728b)
Start importing Assets/Scripts/Launcher.cs using Guid(6686566ec38929f4c9cd234866a25377) Importer(815301076,1909f56bfc062723c751e8b465ee728b)  -> (artifact id: '309d0eb3e9509c3920e44977b2e524b1') in 0.005223 seconds
  Import took 0.010391 seconds .

========================================================================
Received Import Request.
  Time since last request: 2.616846 seconds.
  path: Assets/Scripts/Launcher.cs
  artifactKey: Guid(6686566ec38929f4c9cd234866a25377) Importer(815301076,1909f56bfc062723c751e8b465ee728b)
Start importing Assets/Scripts/Launcher.cs using Guid(6686566ec38929f4c9cd234866a25377) Importer(815301076,1909f56bfc062723c751e8b465ee728b)  -> (artifact id: '309d0eb3e9509c3920e44977b2e524b1') in 0.002143 seconds
  Import took 0.006941 seconds .

========================================================================
Received Prepare
Registering precompiled user dll's ...
Registered in 0.006559 seconds.
Begin MonoManager ReloadAssembly
Native extension for LinuxStandalone target not found
Native extension for WindowsStandalone target not found
Native extension for OSXStandalone target not found
Native extension for WebGL target not found
Refreshing native plugins compatible for Editor in 0.59 ms, found 0 plugins.
Preloading 0 native plugins for Editor in 0.00 ms.
Mono: successfully reloaded assembly
- Completed reload, in  1.210 seconds
Platform modules already initialized, skipping
Shader 'Universal Render Pipeline/Particles/Lit': fallback shader 'Universal Render Pipeline/Particles/SimpleLit' not found
Refreshing native plugins compatible for Editor in 0.57 ms, found 0 plugins.
Preloading 0 native plugins for Editor in 0.00 ms.
Unloading 2900 Unused Serialized files (Serialized files now loaded: 0)
System memory in use before: 163.1 MB.
System memory in use after: 163.1 MB.

Unloading 24 unused Assets to reduce memory usage. Loaded Objects now: 3575.
Total: 18.234800 ms (FindLiveObjects: 0.266600 ms CreateObjectMapping: 0.133000 ms MarkObjects: 17.625100 ms  DeleteObjects: 0.209100 ms)

========================================================================
Received Prepare
Registering precompiled user dll's ...
Registered in 0.007072 seconds.
Begin MonoManager ReloadAssembly
Native extension for LinuxStandalone target not found
Native extension for WindowsStandalone target not found
Native extension for OSXStandalone target not found
Native extension for WebGL target not found
Refreshing native plugins compatible for Editor in 0.50 ms, found 0 plugins.
Preloading 0 native plugins for Editor in 0.00 ms.
Mono: successfully reloaded assembly
- Completed reload, in  1.277 seconds
Platform modules already initialized, skipping
Shader 'Universal Render Pipeline/Particles/Lit': fallback shader 'Universal Render Pipeline/Particles/SimpleLit' not found
Refreshing native plugins compatible for Editor in 0.55 ms, found 0 plugins.
Preloading 0 native plugins for Editor in 0.00 ms.
Unloading 2900 Unused Serialized files (Serialized files now loaded: 0)
System memory in use before: 163.1 MB.
System memory in use after: 163.1 MB.

Unloading 24 unused Assets to reduce memory usage. Loaded Objects now: 3579.
Total: 20.923200 ms (FindLiveObjects: 0.276000 ms CreateObjectMapping: 0.133400 ms MarkObjects: 20.287200 ms  DeleteObjects: 0.225300 ms)

========================================================================
Received Prepare
Registering precompiled user dll's ...
Registered in 0.008068 seconds.
Begin MonoManager ReloadAssembly
Native extension for LinuxStandalone target not found
Native extension for WindowsStandalone target not found
Native extension for OSXStandalone target not found
Native extension for WebGL target not found
Refreshing native plugins compatible for Editor in 0.66 ms, found 0 plugins.
Preloading 0 native plugins for Editor in 0.00 ms.
Mono: successfully reloaded assembly
- Completed reload, in  1.277 seconds
Platform modules already initialized, skipping
Shader 'Universal Render Pipeline/Particles/Lit': fallback shader 'Universal Render Pipeline/Particles/SimpleLit' not found
Refreshing native plugins compatible for Editor in 0.50 ms, found 0 plugins.
Preloading 0 native plugins for Editor in 0.00 ms.
Unloading 2900 Unused Serialized files (Serialized files now loaded: 0)
System memory in use before: 163.1 MB.
System memory in use after: 163.1 MB.

Unloading 24 unused Assets to reduce memory usage. Loaded Objects now: 3583.
Total: 17.905600 ms (FindLiveObjects: 0.249300 ms CreateObjectMapping: 0.121000 ms MarkObjects: 17.318100 ms  DeleteObjects: 0.216400 ms)

========================================================================
Received Prepare
Registering precompiled user dll's ...
Registered in 0.006587 seconds.
Begin MonoManager ReloadAssembly
Native extension for LinuxStandalone target not found
Native extension for WindowsStandalone target not found
Native extension for OSXStandalone target not found
Native extension for WebGL target not found
Refreshing native plugins compatible for Editor in 0.51 ms, found 0 plugins.
Preloading 0 native plugins for Editor in 0.00 ms.
Mono: successfully reloaded assembly
- Completed reload, in  1.166 seconds
Platform modules already initialized, skipping
Shader 'Universal Render Pipeline/Particles/Lit': fallback shader 'Universal Render Pipeline/Particles/SimpleLit' not found
Refreshing native plugins compatible for Editor in 0.50 ms, found 0 plugins.
Preloading 0 native plugins for Editor in 0.00 ms.
Unloading 2900 Unused Serialized files (Serialized files now loaded: 0)
System memory in use before: 163.1 MB.
System memory in use after: 163.2 MB.

Unloading 24 unused Assets to reduce memory usage. Loaded Objects now: 3587.
Total: 18.211500 ms (FindLiveObjects: 0.264200 ms CreateObjectMapping: 0.129900 ms MarkObjects: 17.607000 ms  DeleteObjects: 0.209200 ms)

========================================================================
Received Prepare
Registering precompiled user dll's ...
Registered in 0.006846 seconds.
Begin MonoManager ReloadAssembly
Native extension for LinuxStandalone target not found
Native extension for WindowsStandalone target not found
Native extension for OSXStandalone target not found
Native extension for WebGL target not found
Refreshing native plugins compatible for Editor in 0.52 ms, found 0 plugins.
Preloading 0 native plugins for Editor in 0.00 ms.
Mono: successfully reloaded assembly
- Completed reload, in  1.181 seconds
Platform modules already initialized, skipping
Shader 'Universal Render Pipeline/Particles/Lit': fallback shader 'Universal Render Pipeline/Particles/SimpleLit' not found
Refreshing native plugins compatible for Editor in 0.51 ms, found 0 plugins.
Preloading 0 native plugins for Editor in 0.00 ms.
Unloading 2900 Unused Serialized files (Serialized files now loaded: 0)
System memory in use before: 163.1 MB.
System memory in use after: 163.2 MB.

Unloading 24 unused Assets to reduce memory usage. Loaded Objects now: 3591.
Total: 16.993100 ms (FindLiveObjects: 0.232000 ms CreateObjectMapping: 0.110800 ms MarkObjects: 16.431100 ms  DeleteObjects: 0.218200 ms)

========================================================================
Received Import Request.
  Time since last request: 302.353226 seconds.
  path: Assets/PlayerTest.prefab
  artifactKey: Guid(d1358e2dd5f758c418704ede95e60ece) Importer(815301076,1909f56bfc062723c751e8b465ee728b)
Start importing Assets/PlayerTest.prefab using Guid(d1358e2dd5f758c418704ede95e60ece) Importer(815301076,1909f56bfc062723c751e8b465ee728b)  -> (artifact id: '88b339342be3982b31d7f1509539c2cf') in 0.143500 seconds
  Import took 0.148320 seconds .

========================================================================
Received Prepare
Registering precompiled user dll's ...
Registered in 0.006661 seconds.
Begin MonoManager ReloadAssembly
Native extension for LinuxStandalone target not found
Native extension for WindowsStandalone target not found
Native extension for OSXStandalone target not found
Native extension for WebGL target not found
Refreshing native plugins compatible for Editor in 0.51 ms, found 0 plugins.
Preloading 0 native plugins for Editor in 0.00 ms.
Mono: successfully reloaded assembly
- Completed reload, in  1.327 seconds
Platform modules already initialized, skipping
Shader 'Universal Render Pipeline/Particles/Lit': fallback shader 'Universal Render Pipeline/Particles/SimpleLit' not found
Refreshing native plugins compatible for Editor in 0.51 ms, found 0 plugins.
Preloading 0 native plugins for Editor in 0.00 ms.
Unloading 2900 Unused Serialized files (Serialized files now loaded: 0)
System memory in use before: 163.3 MB.
System memory in use after: 163.3 MB.

Unloading 24 unused Assets to reduce memory usage. Loaded Objects now: 3631.
Total: 17.111900 ms (FindLiveObjects: 0.247200 ms CreateObjectMapping: 0.120900 ms MarkObjects: 16.527100 ms  DeleteObjects: 0.215600 ms)

========================================================================
Received Import Request.
  Time since last request: 55.879748 seconds.
  path: Assets/Photon/PhotonUnityNetworking/Demos/Shared Assets/Models/Robot Kyle.fbx
  artifactKey: Guid(320b1c2af77554f99a1658df4a6d3d5c) Importer(815301076,1909f56bfc062723c751e8b465ee728b)
Start importing Assets/Photon/PhotonUnityNetworking/Demos/Shared Assets/Models/Robot Kyle.fbx using Guid(320b1c2af77554f99a1658df4a6d3d5c) Importer(815301076,1909f56bfc062723c751e8b465ee728b)  -> (artifact id: '813b9938a731c02561c6eb4a558bb4ff') in 0.224764 seconds
  Import took 0.230413 seconds .

========================================================================
Received Import Request.
  Time since last request: 76.955276 seconds.
  path: Assets
  artifactKey: Guid(00000000000000001000000000000000) Importer(815301076,1909f56bfc062723c751e8b465ee728b)
Start importing Assets using Guid(00000000000000001000000000000000) Importer(815301076,1909f56bfc062723c751e8b465ee728b)  -> (artifact id: '2c602d4445bd9e0e517b9a7c882a2249') in 0.005582 seconds
  Import took 0.010137 seconds .

========================================================================
Received Import Request.
  Time since last request: 5.515857 seconds.
  path: Assets/Resources 1
  artifactKey: Guid(3744ba2935bcebc4a955db87d6a5b2ca) Importer(815301076,1909f56bfc062723c751e8b465ee728b)
Start importing Assets/Resources 1 using Guid(3744ba2935bcebc4a955db87d6a5b2ca) Importer(815301076,1909f56bfc062723c751e8b465ee728b)  -> (artifact id: 'aa542d9fd108365f1d7a920c25a02229') in 0.005855 seconds
  Import took 0.010250 seconds .

========================================================================
Received Import Request.
  Time since last request: 4.558573 seconds.
  path: Assets/Resources
  artifactKey: Guid(daeff174355a6844fba5b85cdcd9fc9b) Importer(815301076,1909f56bfc062723c751e8b465ee728b)
Start importing Assets/Resources using Guid(daeff174355a6844fba5b85cdcd9fc9b) Importer(815301076,1909f56bfc062723c751e8b465ee728b)  -> (artifact id: '9e8332ad14da32375ec78957e313ea59') in 0.005731 seconds
  Import took 0.009899 seconds .

========================================================================
Received Import Request.
  Time since last request: 0.065048 seconds.
  path: Assets/Resources/DOTweenSettings.asset
  artifactKey: Guid(768144ddbf7df874cb68e0c936287bc1) Importer(815301076,1909f56bfc062723c751e8b465ee728b)
Start importing Assets/Resources/DOTweenSettings.asset using Guid(768144ddbf7df874cb68e0c936287bc1) Importer(815301076,1909f56bfc062723c751e8b465ee728b)  -> (artifact id: '641f4b2558419b6e5f0ca08dee7b8350') in 0.007361 seconds
  Import took 0.011500 seconds .

========================================================================
Received Prepare
Registering precompiled user dll's ...
Registered in 0.007439 seconds.
Begin MonoManager ReloadAssembly
Native extension for LinuxStandalone target not found
Native extension for WindowsStandalone target not found
Native extension for OSXStandalone target not found
Native extension for WebGL target not found
Refreshing native plugins compatible for Editor in 0.52 ms, found 0 plugins.
Preloading 0 native plugins for Editor in 0.00 ms.
Mono: successfully reloaded assembly
- Completed reload, in  1.276 seconds
Platform modules already initialized, skipping
Shader 'Universal Render Pipeline/Particles/Lit': fallback shader 'Universal Render Pipeline/Particles/SimpleLit' not found
Refreshing native plugins compatible for Editor in 0.52 ms, found 0 plugins.
Preloading 0 native plugins for Editor in 0.00 ms.
Unloading 2900 Unused Serialized files (Serialized files now loaded: 0)
System memory in use before: 177.6 MB.
System memory in use after: 177.6 MB.

Unloading 24 unused Assets to reduce memory usage. Loaded Objects now: 3676.
Total: 18.063000 ms (FindLiveObjects: 0.251800 ms CreateObjectMapping: 0.124800 ms MarkObjects: 17.479200 ms  DeleteObjects: 0.206000 ms)

========================================================================
Received Import Request.
  Time since last request: 65.505565 seconds.
  path: Assets/TutorialInfo/Scripts/Readme.cs
  artifactKey: Guid(fcf7219bab7fe46a1ad266029b2fee19) Importer(815301076,1909f56bfc062723c751e8b465ee728b)
Start importing Assets/TutorialInfo/Scripts/Readme.cs using Guid(fcf7219bab7fe46a1ad266029b2fee19) Importer(815301076,1909f56bfc062723c751e8b465ee728b)  -> (artifact id: '96d7f9e2edd27261fae834c5ea754d8e') in 0.009388 seconds
  Import took 0.014207 seconds .

========================================================================
Received Import Request.
  Time since last request: 0.005903 seconds.
  path: Assets/TutorialInfo/Scripts/Readme.cs
  artifactKey: Guid(fcf7219bab7fe46a1ad266029b2fee19) Importer(815301076,1909f56bfc062723c751e8b465ee728b)
Start importing Assets/TutorialInfo/Scripts/Readme.cs using Guid(fcf7219bab7fe46a1ad266029b2fee19) Importer(815301076,1909f56bfc062723c751e8b465ee728b)  -> (artifact id: '96d7f9e2edd27261fae834c5ea754d8e') in 0.002041 seconds
  Import took 0.006412 seconds .

========================================================================
Received Import Request.
  Time since last request: 22.284786 seconds.
  path: Assets/TutorialInfo/Scripts/Editor/ReadmeEditor.cs
  artifactKey: Guid(476cc7d7cd9874016adc216baab94a0a) Importer(815301076,1909f56bfc062723c751e8b465ee728b)
Start importing Assets/TutorialInfo/Scripts/Editor/ReadmeEditor.cs using Guid(476cc7d7cd9874016adc216baab94a0a) Importer(815301076,1909f56bfc062723c751e8b465ee728b)  -> (artifact id: '65996707e5adb408e99e1ea04a99cb94') in 0.005402 seconds
  Import took 0.009324 seconds .

========================================================================
Received Import Request.
  Time since last request: 0.020941 seconds.
  path: Assets/TutorialInfo/Scripts/Editor/ReadmeEditor.cs
  artifactKey: Guid(476cc7d7cd9874016adc216baab94a0a) Importer(815301076,1909f56bfc062723c751e8b465ee728b)
Start importing Assets/TutorialInfo/Scripts/Editor/ReadmeEditor.cs using Guid(476cc7d7cd9874016adc216baab94a0a) Importer(815301076,1909f56bfc062723c751e8b465ee728b)  -> (artifact id: '65996707e5adb408e99e1ea04a99cb94') in 0.001673 seconds
  Import took 0.005687 seconds .

========================================================================
Received Import Request.
  Time since last request: 39.144984 seconds.
  path: Assets/Scenes/Launcher.unity
  artifactKey: Guid(f27652542c13b304cad329b8e65e0278) Importer(815301076,1909f56bfc062723c751e8b465ee728b)
Start importing Assets/Scenes/Launcher.unity using Guid(f27652542c13b304cad329b8e65e0278) Importer(815301076,1909f56bfc062723c751e8b465ee728b)  -> (artifact id: 'dab98e62d81f7eeb7631f5ba6ba39c51') in 0.016425 seconds
  Import took 0.020641 seconds .

========================================================================
Received Prepare
Registering precompiled user dll's ...
Registered in 0.006662 seconds.
Begin MonoManager ReloadAssembly
Native extension for LinuxStandalone target not found
Native extension for WindowsStandalone target not found
Native extension for OSXStandalone target not found
Native extension for WebGL target not found
Refreshing native plugins compatible for Editor in 0.51 ms, found 0 plugins.
Preloading 0 native plugins for Editor in 0.00 ms.
Mono: successfully reloaded assembly
- Completed reload, in  1.190 seconds
Platform modules already initialized, skipping
Shader 'Universal Render Pipeline/Particles/Lit': fallback shader 'Universal Render Pipeline/Particles/SimpleLit' not found
Refreshing native plugins compatible for Editor in 0.50 ms, found 0 plugins.
Preloading 0 native plugins for Editor in 0.00 ms.
Unloading 2900 Unused Serialized files (Serialized files now loaded: 0)
System memory in use before: 177.6 MB.
System memory in use after: 177.6 MB.

Unloading 24 unused Assets to reduce memory usage. Loaded Objects now: 3680.
Total: 17.285400 ms (FindLiveObjects: 0.235600 ms CreateObjectMapping: 0.108400 ms MarkObjects: 16.725500 ms  DeleteObjects: 0.215200 ms)

========================================================================
Received Import Request.
  Time since last request: 64.536820 seconds.
  path: Assets/Resources/PlayerTest.prefab
  artifactKey: Guid(d1358e2dd5f758c418704ede95e60ece) Importer(815301076,1909f56bfc062723c751e8b465ee728b)
Start importing Assets/Resources/PlayerTest.prefab using Guid(d1358e2dd5f758c418704ede95e60ece) Importer(815301076,1909f56bfc062723c751e8b465ee728b)  -> (artifact id: 'd3d6785a59436c90246649340725bed1') in 0.140667 seconds
  Import took 0.145745 seconds .

========================================================================
Received Prepare
Registering precompiled user dll's ...
Registered in 0.007142 seconds.
Begin MonoManager ReloadAssembly
Native extension for LinuxStandalone target not found
Native extension for WindowsStandalone target not found
Native extension for OSXStandalone target not found
Native extension for WebGL target not found
Refreshing native plugins compatible for Editor in 0.53 ms, found 0 plugins.
Preloading 0 native plugins for Editor in 0.00 ms.
Mono: successfully reloaded assembly
- Completed reload, in  1.358 seconds
Platform modules already initialized, skipping
Shader 'Universal Render Pipeline/Particles/Lit': fallback shader 'Universal Render Pipeline/Particles/SimpleLit' not found
Refreshing native plugins compatible for Editor in 0.59 ms, found 0 plugins.
Preloading 0 native plugins for Editor in 0.00 ms.
Unloading 2900 Unused Serialized files (Serialized files now loaded: 0)
System memory in use before: 177.7 MB.
System memory in use after: 177.7 MB.

Unloading 24 unused Assets to reduce memory usage. Loaded Objects now: 3720.
Total: 19.759200 ms (FindLiveObjects: 0.282200 ms CreateObjectMapping: 0.149700 ms MarkObjects: 19.110000 ms  DeleteObjects: 0.215600 ms)

========================================================================
Received Prepare
Shader 'Universal Render Pipeline/Particles/Lit': fallback shader 'Universal Render Pipeline/Particles/SimpleLit' not found
Refreshing native plugins compatible for Editor in 4.32 ms, found 0 plugins.
Preloading 0 native plugins for Editor in 0.00 ms.
Unloading 22 Unused Serialized files (Serialized files now loaded: 0)
System memory in use before: 104.5 MB.
System memory in use after: 104.5 MB.

Unloading 22 unused Assets to reduce memory usage. Loaded Objects now: 3720.
Total: 18.643000 ms (FindLiveObjects: 0.270700 ms CreateObjectMapping: 0.127300 ms MarkObjects: 17.982300 ms  DeleteObjects: 0.261100 ms)

========================================================================
Received Prepare
Registering precompiled user dll's ...
Registered in 0.008109 seconds.
Begin MonoManager ReloadAssembly
Native extension for LinuxStandalone target not found
Native extension for WindowsStandalone target not found
Native extension for OSXStandalone target not found
Native extension for WebGL target not found
Refreshing native plugins compatible for Editor in 0.80 ms, found 0 plugins.
Preloading 0 native plugins for Editor in 0.00 ms.
Mono: successfully reloaded assembly
- Completed reload, in  1.308 seconds
Platform modules already initialized, skipping
Shader 'Universal Render Pipeline/Particles/Lit': fallback shader 'Universal Render Pipeline/Particles/SimpleLit' not found
Refreshing native plugins compatible for Editor in 2.44 ms, found 0 plugins.
Preloading 0 native plugins for Editor in 0.00 ms.
Unloading 2900 Unused Serialized files (Serialized files now loaded: 0)
System memory in use before: 177.8 MB.
System memory in use after: 177.7 MB.

Unloading 24 unused Assets to reduce memory usage. Loaded Objects now: 3724.
Total: 20.315100 ms (FindLiveObjects: 0.414900 ms CreateObjectMapping: 0.184500 ms MarkObjects: 19.350200 ms  DeleteObjects: 0.364300 ms)

========================================================================
Received Import Request.
  Time since last request: 175.011633 seconds.
  path: Assets/Scripts/Launcher.cs
  artifactKey: Guid(6686566ec38929f4c9cd234866a25377) Importer(815301076,1909f56bfc062723c751e8b465ee728b)
Start importing Assets/Scripts/Launcher.cs using Guid(6686566ec38929f4c9cd234866a25377) Importer(815301076,1909f56bfc062723c751e8b465ee728b)  -> (artifact id: 'f89fc8dee5af0860813c7621f083e9a6') in 0.005915 seconds
  Import took 0.011333 seconds .

========================================================================
Received Import Request.
  Time since last request: 0.023994 seconds.
  path: Assets/Scripts/Launcher.cs
  artifactKey: Guid(6686566ec38929f4c9cd234866a25377) Importer(815301076,1909f56bfc062723c751e8b465ee728b)
Start importing Assets/Scripts/Launcher.cs using Guid(6686566ec38929f4c9cd234866a25377) Importer(815301076,1909f56bfc062723c751e8b465ee728b)  -> (artifact id: 'f89fc8dee5af0860813c7621f083e9a6') in 0.001513 seconds
  Import took 0.005517 seconds .

========================================================================
Received Prepare
Registering precompiled user dll's ...
Registered in 0.007175 seconds.
Begin MonoManager ReloadAssembly
Native extension for LinuxStandalone target not found
Native extension for WindowsStandalone target not found
Native extension for OSXStandalone target not found
Native extension for WebGL target not found
Refreshing native plugins compatible for Editor in 0.73 ms, found 0 plugins.
Preloading 0 native plugins for Editor in 0.00 ms.
Mono: successfully reloaded assembly
- Completed reload, in  1.325 seconds
Platform modules already initialized, skipping
Shader 'Universal Render Pipeline/Particles/Lit': fallback shader 'Universal Render Pipeline/Particles/SimpleLit' not found
Refreshing native plugins compatible for Editor in 0.56 ms, found 0 plugins.
Preloading 0 native plugins for Editor in 0.00 ms.
Unloading 2900 Unused Serialized files (Serialized files now loaded: 0)
System memory in use before: 177.8 MB.
System memory in use after: 177.8 MB.

Unloading 24 unused Assets to reduce memory usage. Loaded Objects now: 3728.
Total: 19.281700 ms (FindLiveObjects: 0.347600 ms CreateObjectMapping: 0.196000 ms MarkObjects: 18.489600 ms  DeleteObjects: 0.247100 ms)

========================================================================
Received Import Request.
  Time since last request: 95.297226 seconds.
  path: Assets/Photon/PhotonUnityNetworking/Resources/PhotonServerSettings.asset
  artifactKey: Guid(ddba0d1298791154bad436572be7483d) Importer(815301076,1909f56bfc062723c751e8b465ee728b)
Start importing Assets/Photon/PhotonUnityNetworking/Resources/PhotonServerSettings.asset using Guid(ddba0d1298791154bad436572be7483d) Importer(815301076,1909f56bfc062723c751e8b465ee728b)  -> (artifact id: '1958d506a41a43ddf9793d06743d48fd') in 0.017053 seconds
  Import took 0.021892 seconds .

========================================================================
Received Import Request.
  Time since last request: 3.947645 seconds.
  path: Assets/Photon/PhotonUnityNetworking/Code/PhotonNetworkPart.cs
  artifactKey: Guid(cbf2b3734a024f842bd50f8738feb400) Importer(815301076,1909f56bfc062723c751e8b465ee728b)
Start importing Assets/Photon/PhotonUnityNetworking/Code/PhotonNetworkPart.cs using Guid(cbf2b3734a024f842bd50f8738feb400) Importer(815301076,1909f56bfc062723c751e8b465ee728b)  -> (artifact id: 'b5b3e6b578acb886b68e2757867c401a') in 0.005098 seconds
  Import took 0.009120 seconds .

========================================================================
Received Import Request.
  Time since last request: 0.000546 seconds.
  path: Assets/Photon/PhotonUnityNetworking/Code/PhotonNetworkPart.cs
  artifactKey: Guid(cbf2b3734a024f842bd50f8738feb400) Importer(815301076,1909f56bfc062723c751e8b465ee728b)
Start importing Assets/Photon/PhotonUnityNetworking/Code/PhotonNetworkPart.cs using Guid(cbf2b3734a024f842bd50f8738feb400) Importer(815301076,1909f56bfc062723c751e8b465ee728b)  -> (artifact id: 'b5b3e6b578acb886b68e2757867c401a') in 0.001718 seconds
  Import took 0.005515 seconds .

========================================================================
Received Import Request.
  Time since last request: 1.786056 seconds.
  path: Assets/Photon/PhotonUnityNetworking/Code/PhotonNetwork.cs
  artifactKey: Guid(88e11b3353de7e94d84b1ec5adbdd15e) Importer(815301076,1909f56bfc062723c751e8b465ee728b)
Start importing Assets/Photon/PhotonUnityNetworking/Code/PhotonNetwork.cs using Guid(88e11b3353de7e94d84b1ec5adbdd15e) Importer(815301076,1909f56bfc062723c751e8b465ee728b)  -> (artifact id: 'c5bdf3ab5dc38b7fcd558e6ecf855b2f') in 0.005135 seconds
  Import took 0.009163 seconds .

========================================================================
Received Prepare
Registering precompiled user dll's ...
Registered in 0.006474 seconds.
Begin MonoManager ReloadAssembly
Native extension for LinuxStandalone target not found
Native extension for WindowsStandalone target not found
Native extension for OSXStandalone target not found
Native extension for WebGL target not found
Refreshing native plugins compatible for Editor in 0.51 ms, found 0 plugins.
Preloading 0 native plugins for Editor in 0.00 ms.
Mono: successfully reloaded assembly
- Completed reload, in  1.190 seconds
Platform modules already initialized, skipping
Shader 'Universal Render Pipeline/Particles/Lit': fallback shader 'Universal Render Pipeline/Particles/SimpleLit' not found
Refreshing native plugins compatible for Editor in 0.51 ms, found 0 plugins.
Preloading 0 native plugins for Editor in 0.00 ms.
Unloading 2900 Unused Serialized files (Serialized files now loaded: 0)
System memory in use before: 177.8 MB.
System memory in use after: 177.8 MB.

Unloading 24 unused Assets to reduce memory usage. Loaded Objects now: 3732.
Total: 17.309600 ms (FindLiveObjects: 0.293200 ms CreateObjectMapping: 0.132900 ms MarkObjects: 16.666200 ms  DeleteObjects: 0.216400 ms)

========================================================================
Received Prepare
Registering precompiled user dll's ...
Registered in 0.007192 seconds.
Begin MonoManager ReloadAssembly
Native extension for LinuxStandalone target not found
Native extension for WindowsStandalone target not found
Native extension for OSXStandalone target not found
Native extension for WebGL target not found
Refreshing native plugins compatible for Editor in 0.56 ms, found 0 plugins.
Preloading 0 native plugins for Editor in 0.00 ms.
Mono: successfully reloaded assembly
- Completed reload, in  1.173 seconds
Platform modules already initialized, skipping
Shader 'Universal Render Pipeline/Particles/Lit': fallback shader 'Universal Render Pipeline/Particles/SimpleLit' not found
Refreshing native plugins compatible for Editor in 0.54 ms, found 0 plugins.
Preloading 0 native plugins for Editor in 0.00 ms.
Unloading 2900 Unused Serialized files (Serialized files now loaded: 0)
System memory in use before: 177.8 MB.
System memory in use after: 177.8 MB.

Unloading 24 unused Assets to reduce memory usage. Loaded Objects now: 3736.
Total: 25.332000 ms (FindLiveObjects: 1.012200 ms CreateObjectMapping: 0.603400 ms MarkObjects: 23.348500 ms  DeleteObjects: 0.364600 ms)

========================================================================
Received Prepare
Registering precompiled user dll's ...
Registered in 0.007157 seconds.
Begin MonoManager ReloadAssembly
Native extension for LinuxStandalone target not found
Native extension for WindowsStandalone target not found
Native extension for OSXStandalone target not found
Native extension for WebGL target not found
Refreshing native plugins compatible for Editor in 0.65 ms, found 0 plugins.
Preloading 0 native plugins for Editor in 0.00 ms.
Mono: successfully reloaded assembly
- Completed reload, in  1.444 seconds
Platform modules already initialized, skipping
Shader 'Universal Render Pipeline/Particles/Lit': fallback shader 'Universal Render Pipeline/Particles/SimpleLit' not found
Refreshing native plugins compatible for Editor in 0.56 ms, found 0 plugins.
Preloading 0 native plugins for Editor in 0.00 ms.
Unloading 2900 Unused Serialized files (Serialized files now loaded: 0)
System memory in use before: 177.8 MB.
System memory in use after: 177.8 MB.

Unloading 24 unused Assets to reduce memory usage. Loaded Objects now: 3740.
Total: 22.046900 ms (FindLiveObjects: 0.723900 ms CreateObjectMapping: 0.376300 ms MarkObjects: 20.576800 ms  DeleteObjects: 0.367900 ms)

========================================================================
Received Import Request.
  Time since last request: 198.118078 seconds.
  path: Assets/Scenes/Room For 4.unity
  artifactKey: Guid(2634400a6e11358449fbdf061ea3fff0) Importer(815301076,1909f56bfc062723c751e8b465ee728b)
Start importing Assets/Scenes/Room For 4.unity using Guid(2634400a6e11358449fbdf061ea3fff0) Importer(815301076,1909f56bfc062723c751e8b465ee728b)  -> (artifact id: '8b90f9a418a32807bd18adc156c88098') in 0.015231 seconds
  Import took 0.020404 seconds .

========================================================================
Received Import Request.
  Time since last request: 20.786981 seconds.
  path: Assets/Photon/PhotonUnityNetworking/Demos/PunBasics-Tutorial/Scripts/GameManager.cs
  artifactKey: Guid(7ef7c98dcb6a3bd4a9230dfeac838f36) Importer(815301076,1909f56bfc062723c751e8b465ee728b)
Start importing Assets/Photon/PhotonUnityNetworking/Demos/PunBasics-Tutorial/Scripts/GameManager.cs using Guid(7ef7c98dcb6a3bd4a9230dfeac838f36) Importer(815301076,1909f56bfc062723c751e8b465ee728b)  -> (artifact id: '747c50ba165b11ec090bb1bd4f22f922') in 0.007091 seconds
  Import took 0.011471 seconds .

========================================================================
Received Import Request.
  Time since last request: 6.217384 seconds.
  path: Assets/Photon/PhotonUnityNetworking/Demos/PunBasics-Tutorial/Scripts/GameManagerO.cs
  artifactKey: Guid(7ef7c98dcb6a3bd4a9230dfeac838f36) Importer(815301076,1909f56bfc062723c751e8b465ee728b)
Start importing Assets/Photon/PhotonUnityNetworking/Demos/PunBasics-Tutorial/Scripts/GameManagerO.cs using Guid(7ef7c98dcb6a3bd4a9230dfeac838f36) Importer(815301076,1909f56bfc062723c751e8b465ee728b)  -> (artifact id: '149db4370876b2f40c8e8b45706d3545') in 0.006853 seconds
  Import took 0.011249 seconds .

========================================================================
Received Prepare
Registering precompiled user dll's ...
Registered in 0.006634 seconds.
Begin MonoManager ReloadAssembly
Native extension for LinuxStandalone target not found
Native extension for WindowsStandalone target not found
Native extension for OSXStandalone target not found
Native extension for WebGL target not found
Refreshing native plugins compatible for Editor in 0.53 ms, found 0 plugins.
Preloading 0 native plugins for Editor in 0.00 ms.
Mono: successfully reloaded assembly
- Completed reload, in  1.301 seconds
Platform modules already initialized, skipping
Shader 'Universal Render Pipeline/Particles/Lit': fallback shader 'Universal Render Pipeline/Particles/SimpleLit' not found
Refreshing native plugins compatible for Editor in 0.50 ms, found 0 plugins.
Preloading 0 native plugins for Editor in 0.00 ms.
Unloading 2900 Unused Serialized files (Serialized files now loaded: 0)
System memory in use before: 177.8 MB.
System memory in use after: 177.8 MB.

Unloading 24 unused Assets to reduce memory usage. Loaded Objects now: 3744.
Total: 39.473900 ms (FindLiveObjects: 0.961200 ms CreateObjectMapping: 0.559800 ms MarkObjects: 37.434600 ms  DeleteObjects: 0.514900 ms)

========================================================================
Received Import Request.
  Time since last request: 20.102236 seconds.
  path: Assets/Photon/PhotonUnityNetworking/Demos/PunBasics-Tutorial/Scripts/GameManagerO.cs
  artifactKey: Guid(7ef7c98dcb6a3bd4a9230dfeac838f36) Importer(815301076,1909f56bfc062723c751e8b465ee728b)
Start importing Assets/Photon/PhotonUnityNetworking/Demos/PunBasics-Tutorial/Scripts/GameManagerO.cs using Guid(7ef7c98dcb6a3bd4a9230dfeac838f36) Importer(815301076,1909f56bfc062723c751e8b465ee728b)  -> (artifact id: '6491f5097901ecb7e9a1f538d0dffa67') in 0.004467 seconds
  Import took 0.010253 seconds .

========================================================================
Received Import Request.
  Time since last request: 36.932750 seconds.
  path: Assets/Photon/PhotonUnityNetworking/Demos/PunBasics-Tutorial/Scripts/GameManagerO.cs
  artifactKey: Guid(7ef7c98dcb6a3bd4a9230dfeac838f36) Importer(815301076,1909f56bfc062723c751e8b465ee728b)
Start importing Assets/Photon/PhotonUnityNetworking/Demos/PunBasics-Tutorial/Scripts/GameManagerO.cs using Guid(7ef7c98dcb6a3bd4a9230dfeac838f36) Importer(815301076,1909f56bfc062723c751e8b465ee728b)  -> (artifact id: '49e2285aea133d8897188dedfe006342') in 0.002607 seconds
  Import took 0.008078 seconds .

AssetImportWorkerClient::OnTransportError - code=2 error=End of file
